[debug] [2021-04-16T08:14:59.294Z] ----------------------------------------------------------------------
[debug] [2021-04-16T08:14:59.295Z] Command:       /opt/homebrew/Cellar/node/15.14.0/bin/node /opt/homebrew/bin/firebase init hosting
[debug] [2021-04-16T08:14:59.295Z] CLI Version:   9.9.0
[debug] [2021-04-16T08:14:59.295Z] Platform:      darwin
[debug] [2021-04-16T08:14:59.295Z] Node Version:  v15.14.0
[debug] [2021-04-16T08:14:59.296Z] Time:          Fri Apr 16 2021 13:44:59 GMT+0530 (India Standard Time)
[debug] [2021-04-16T08:14:59.296Z] ----------------------------------------------------------------------
[debug] 
[debug] [2021-04-16T08:14:59.298Z] > command requires scopes: ["email","openid","https://www.googleapis.com/auth/cloudplatformprojects.readonly","https://www.googleapis.com/auth/firebase","https://www.googleapis.com/auth/cloud-platform"]
[debug] [2021-04-16T08:14:59.298Z] > authorizing via signed-in user (bhaskor88@gmail.com)
[info] 
     ######## #### ########  ######## ########     ###     ######  ########
     ##        ##  ##     ## ##       ##     ##  ##   ##  ##       ##
     ######    ##  ########  ######   ########  #########  ######  ######
     ##        ##  ##    ##  ##       ##     ## ##     ##       ## ##
     ##       #### ##     ## ######## ########  ##     ##  ######  ########

You're about to initialize a Firebase project in this directory:

  /Users/bhaskor/Documents/VscodeProjects/Gcloud/JoinWebDb

[info] 
=== Project Setup
[info] 
[info] First, let's associate this project directory with a Firebase project.
[info] You can create multiple project aliases by running firebase use --add, 
[info] but for now we'll just set up a default project.
[info] 
